<?xml version="1.0" encoding="UTF-8"?>
<testsuite xmlns:xsi="http://www.w3.org/2001/XMLSchema-instance" xsi:noNamespaceSchemaLocation="https://maven.apache.org/surefire/maven-surefire-plugin/xsd/surefire-test-report.xsd" version="3.0.2" name="com.ptk.demo.HelloWorldServiceApplicationTests" time="4.037" tests="1" errors="0" skipped="0" failures="0" flakes="0">
  <properties>
[...]
</properties>
  <testcase name="contextLoads" classname="com.ptk.demo.HelloWorldServiceApplicationTests" time="0.797">
    <system-out><![CDATA[14:33:04.599 [main] INFO org.springframework.test.context.support.AnnotationConfigContextLoaderUtils -- Could not detect default configuration classes for test class [com.ptk.demo.HelloWorldServiceApplicationTests]: HelloWorldServiceApplicationTests does not declare any static, non-private, non-final, nested classes annotated with @Configuration.
14:33:04.782 [main] INFO org.springframework.boot.test.context.SpringBootTestContextBootstrapper -- Found @SpringBootConfiguration com.ptk.demo.HelloWorldServiceApplication for test class com.ptk.demo.HelloWorldServiceApplicationTests
14:33:04.939 [main] INFO org.springframework.test.context.support.AnnotationConfigContextLoaderUtils -- Could not detect default configuration classes for test class [com.ptk.demo.HelloWorldServiceApplicationTests]: HelloWorldServiceApplicationTests does not declare any static, non-private, non-final, nested classes annotated with @Configuration.
14:33:04.941 [main] INFO org.springframework.boot.test.context.SpringBootTestContextBootstrapper -- Found @SpringBootConfiguration com.ptk.demo.HelloWorldServiceApplication for test class com.ptk.demo.HelloWorldServiceApplicationTests
14:33:05.071 [main] INFO org.springframework.boot.devtools.restart.RestartApplicationListener -- Restart disabled due to context in which it is running

  .   ____          _            __ _ _
 /\\ / ___'_ __ _ _(_)_ __  __ _ \ \ \ \
( ( )\___ | '_ | '_| | '_ \/ _` | \ \ \ \
 \\/  ___)| |_)| | | | | || (_| |  ) ) ) )
  '  |____| .__|_| |_|_| |_\__, | / / / /
 =========|_|==============|___/=/_/_/_/

 :: Spring Boot ::                (v4.0.6)

2026-06-22T14:33:05.468+06:30  INFO 17828 --- [hello-world-service] [           main] c.p.d.HelloWorldServiceApplicationTests  : Starting HelloWorldServiceApplicationTests using Java 21.0.9 with PID 17828 (started by User in D:\Eclipse\hello-world-service)
2026-06-22T14:33:05.470+06:30  INFO 17828 --- [hello-world-service] [           main] c.p.d.HelloWorldServiceApplicationTests  : No active profile set, falling back to 1 default profile: "default"
2026-06-22T14:33:07.223+06:30  INFO 17828 --- [hello-world-service] [           main] c.p.d.HelloWorldServiceApplicationTests  : Started HelloWorldServiceApplicationTests in 2.172 seconds (process running for 4.589)
]]></system-out>
    <system-err><![CDATA[Mockito is currently self-attaching to enable the inline-mock-maker. This will no longer work in future releases of the JDK. Please add Mockito as an agent to your build as described in Mockito's documentation: https://javadoc.io/doc/org.mockito/mockito-core/latest/org.mockito/org/mockito/Mockito.html#0.3
WARNING: A Java agent has been loaded dynamically (C:\Users\User\.m2\repository\net\bytebuddy\byte-buddy-agent\1.17.8\byte-buddy-agent-1.17.8.jar)
WARNING: If a serviceability tool is in use, please run with -XX:+EnableDynamicAgentLoading to hide this warning
WARNING: If a serviceability tool is not in use, please run with -Djdk.instrument.traceUsage for more information
WARNING: Dynamic loading of agents will be disallowed by default in a future release
]]></system-err>
  </testcase>
</testsuite>